<?xml version="1.0" encoding="UTF-8"?>
<!-- Generated by org.testng.reporters.JUnitXMLReporter -->
<testsuite ignored="27" hostname="DESKTOP-0MGR9KI" failures="1" tests="2" name="Default test" time="33.234" errors="0" timestamp="2022-07-11T23:57:36 ICT">
  <testcase classname="com.telemarket.task.test.agn.AGN_TestDataAll" name="test_all_search_empty" time="15.29"/>
  <testcase classname="com.telemarket.task.test.agn.AGN_TestDataAll" name="test_all_search_empty" time="12.409">
    <failure type="java.lang.AssertionError" message="expected [true] but found [false]">
      <![CDATA[java.lang.AssertionError: expected [true] but found [false]
at org.testng.Assert.fail(Assert.java:110)
at org.testng.Assert.failNotEquals(Assert.java:1413)
at org.testng.Assert.assertTrue(Assert.java:56)
at org.testng.Assert.assertTrue(Assert.java:66)
at com.telemarket.task.test.agn.AGN_TestDataAll.verifyDataInTable(AGN_TestDataAll.java:72)
at com.telemarket.task.test.agn.AGN_TestDataAll.test_all_search_empty(AGN_TestDataAll.java:192)
at java.base/jdk.internal.reflect.NativeMethodAccessorImpl.invoke0(Native Method)
at java.base/jdk.internal.reflect.NativeMethodAccessorImpl.invoke(NativeMethodAccessorImpl.java:77)
at java.base/jdk.internal.reflect.DelegatingMethodAccessorImpl.invoke(DelegatingMethodAccessorImpl.java:43)
at java.base/java.lang.reflect.Method.invoke(Method.java:568)
at org.testng.internal.invokers.MethodInvocationHelper.invokeMethod(MethodInvocationHelper.java:139)
at org.testng.internal.invokers.TestInvoker.invokeMethod(TestInvoker.java:677)
at org.testng.internal.invokers.TestInvoker.invokeTestMethod(TestInvoker.java:221)
at org.testng.internal.invokers.MethodRunner.runInSequence(MethodRunner.java:50)
at org.testng.internal.invokers.TestInvoker$MethodInvocationAgent.invoke(TestInvoker.java:962)
at org.testng.internal.invokers.TestInvoker.invokeTestMethods(TestInvoker.java:194)
at org.testng.internal.invokers.TestMethodWorker.invokeTestMethods(TestMethodWorker.java:148)
at org.testng.internal.invokers.TestMethodWorker.run(TestMethodWorker.java:128)
at java.base/java.util.ArrayList.forEach(ArrayList.java:1511)
at org.testng.TestRunner.privateRun(TestRunner.java:806)
at org.testng.TestRunner.run(TestRunner.java:601)
at org.testng.SuiteRunner.runTest(SuiteRunner.java:433)
at org.testng.SuiteRunner.runSequentially(SuiteRunner.java:427)
at org.testng.SuiteRunner.privateRun(SuiteRunner.java:387)
at org.testng.SuiteRunner.run(SuiteRunner.java:330)
at org.testng.SuiteRunnerWorker.runSuite(SuiteRunnerWorker.java:52)
at org.testng.SuiteRunnerWorker.run(SuiteRunnerWorker.java:95)
at org.testng.TestNG.runSuitesSequentially(TestNG.java:1256)
at org.testng.TestNG.runSuitesLocally(TestNG.java:1176)
at org.testng.TestNG.runSuites(TestNG.java:1099)
at org.testng.TestNG.run(TestNG.java:1067)
at org.testng.remote.AbstractRemoteTestNG.run(AbstractRemoteTestNG.java:115)
at org.testng.remote.RemoteTestNG.initAndRun(RemoteTestNG.java:251)
at org.testng.remote.RemoteTestNG.main(RemoteTestNG.java:77)
]]>
    </failure>
  </testcase> <!-- test_all_search_empty -->
  <testcase classname="com.telemarket.task.test.agn.AGN_TestDataAll" name="testDataAllActivity_status_saveTolak" time="0.0">
    <ignored/>
  </testcase> <!-- testDataAllActivity_status_saveTolak -->
  <testcase classname="com.telemarket.task.test.agn.AGN_TestDataAll" name="test_all_export_data" time="0.0">
    <ignored/>
  </testcase> <!-- test_all_export_data -->
  <testcase classname="com.telemarket.task.test.agn.AGN_TestDataAll" name="test_all_search_status" time="0.0">
    <ignored/>
  </testcase> <!-- test_all_search_status -->
  <testcase classname="com.telemarket.task.test.agn.AGN_TestDataAll" name="testDataAllActivity_phoneSelect_phoneAdd_valid" time="0.0">
    <ignored/>
  </testcase> <!-- testDataAllActivity_phoneSelect_phoneAdd_valid -->
  <testcase classname="com.telemarket.task.test.agn.AGN_TestDataAll" name="test_all_search_clickGreen" time="0.0">
    <ignored/>
  </testcase> <!-- test_all_search_clickGreen -->
  <testcase classname="com.telemarket.task.test.agn.AGN_TestDataAll" name="test_all_search_customer_agent" time="0.0">
    <ignored/>
  </testcase> <!-- test_all_search_customer_agent -->
  <testcase classname="com.telemarket.task.test.agn.AGN_TestDataAll" name="testDataAllActivity_statusWA_empty" time="0.0">
    <ignored/>
  </testcase> <!-- testDataAllActivity_statusWA_empty -->
  <testcase classname="com.telemarket.task.test.agn.AGN_TestDataAll" name="test_all_search_empty_and_unusual" time="0.0">
    <ignored/>
  </testcase> <!-- test_all_search_empty_and_unusual -->
  <testcase classname="com.telemarket.task.test.agn.AGN_TestDataAll" name="testDataAllActivity_status_saveFollowUp" time="0.0">
    <ignored/>
  </testcase> <!-- testDataAllActivity_status_saveFollowUp -->
  <testcase classname="com.telemarket.task.test.agn.AGN_TestDataAll" name="testDataAllActivity_statusWA_resultBerhasil_reasonBerhasil" time="0.0">
    <ignored/>
  </testcase> <!-- testDataAllActivity_statusWA_resultBerhasil_reasonBerhasil -->
  <testcase classname="com.telemarket.task.test.agn.AGN_TestDataAll" name="test_all_search_valid" time="0.0">
    <ignored/>
  </testcase> <!-- test_all_search_valid -->
  <testcase classname="com.telemarket.task.test.agn.AGN_TestDataAll" name="testDataAllActivity_phoneSelect_phoneAdd_invalidChar" time="0.0">
    <ignored/>
  </testcase> <!-- testDataAllActivity_phoneSelect_phoneAdd_invalidChar -->
  <testcase classname="com.telemarket.task.test.agn.AGN_TestDataAll" name="test_all_search_customer_agent_status" time="0.0">
    <ignored/>
  </testcase> <!-- test_all_search_customer_agent_status -->
  <testcase classname="com.telemarket.task.test.agn.AGN_TestDataAll" name="testDataAllActivity_status_invalid" time="0.0">
    <ignored/>
  </testcase> <!-- testDataAllActivity_status_invalid -->
  <testcase classname="com.telemarket.task.test.agn.AGN_TestDataAll" name="testDataAllActivity_sendWA_validPhone_validMsg" time="0.0">
    <ignored/>
  </testcase> <!-- testDataAllActivity_sendWA_validPhone_validMsg -->
  <testcase classname="com.telemarket.task.test.agn.AGN_TestDataAll" name="testDataAllActivity_phoneSelect_phoneAdd_invalid" time="0.0">
    <ignored/>
  </testcase> <!-- testDataAllActivity_phoneSelect_phoneAdd_invalid -->
  <testcase classname="com.telemarket.task.test.agn.AGN_TestDataAll" name="testDataAllActivity_status_empty" time="0.0">
    <ignored/>
  </testcase> <!-- testDataAllActivity_status_empty -->
  <testcase classname="com.telemarket.task.test.agn.AGN_TestDataAll" name="testAll_clickTable_gotoActivity" time="0.0">
    <ignored/>
  </testcase> <!-- testAll_clickTable_gotoActivity -->
  <testcase classname="com.telemarket.task.test.agn.AGN_TestDataAll" name="testDataAllActivity_status_resultBerhasil_reasonBerhasil" time="0.0">
    <ignored/>
  </testcase> <!-- testDataAllActivity_status_resultBerhasil_reasonBerhasil -->
  <testcase classname="com.telemarket.task.test.agn.AGN_TestDataAll" name="testDataAllActivity_phoneSelect_phoneAddCancel" time="0.0">
    <ignored/>
  </testcase> <!-- testDataAllActivity_phoneSelect_phoneAddCancel -->
  <testcase classname="com.telemarket.task.test.agn.AGN_TestDataAll" name="test_all_search_customer_status" time="0.0">
    <ignored/>
  </testcase> <!-- test_all_search_customer_status -->
  <testcase classname="com.telemarket.task.test.agn.AGN_TestDataAll" name="test_all_search_agent" time="0.0">
    <ignored/>
  </testcase> <!-- test_all_search_agent -->
  <testcase classname="com.telemarket.task.test.agn.AGN_TestDataAll" name="testDataAllActivity_statusWA_invalid" time="0.0">
    <ignored/>
  </testcase> <!-- testDataAllActivity_statusWA_invalid -->
  <testcase classname="com.telemarket.task.test.agn.AGN_TestDataAll" name="testDataAllActivity_status_saveTolak_whatsapp" time="0.0">
    <ignored/>
  </testcase> <!-- testDataAllActivity_status_saveTolak_whatsapp -->
  <testcase classname="com.telemarket.task.test.agn.AGN_TestDataAll" name="testDataAllActivity_status_valid" time="0.0">
    <ignored/>
  </testcase> <!-- testDataAllActivity_status_valid -->
  <testcase classname="com.telemarket.task.test.agn.AGN_TestDataAll" name="testDataAllActivity_status_saveAgree" time="0.0">
    <ignored/>
  </testcase> <!-- testDataAllActivity_status_saveAgree -->
  <testcase classname="com.telemarket.task.test.agn.AGN_TestDataAll" name="test_all_search_agent_status" time="0.0">
    <ignored/>
  </testcase> <!-- test_all_search_agent_status -->
</testsuite> <!-- Default test -->
