<?xml version="1.0" encoding="UTF-8"?>
<!-- Generated by org.testng.reporters.JUnitXMLReporter -->
<testsuite ignored="16" hostname="DESKTOP-0MGR9KI" failures="0" tests="1" name="Default test" time="35.079" errors="0" timestamp="2022-07-11T16:01:22 ICT">
  <testcase classname="com.telemarket.task.test.TLMKT_TestTaskNew" name="testNewActivity_status_invalid" time="29.381"/>
  <testcase classname="com.telemarket.task.test.TLMKT_TestTaskNew" name="testNewActivity_status_resultBerhasil_reasonBerhasil" time="0.0">
    <ignored/>
  </testcase> <!-- testNewActivity_status_resultBerhasil_reasonBerhasil -->
  <testcase classname="com.telemarket.task.test.TLMKT_TestTaskNew" name="test_newActivity_phoneSelect_phoneAdd_valid" time="0.0">
    <ignored/>
  </testcase> <!-- test_newActivity_phoneSelect_phoneAdd_valid -->
  <testcase classname="com.telemarket.task.test.TLMKT_TestTaskNew" name="testNewActivity_sendWA_validPhone_validMsg" time="0.0">
    <ignored/>
  </testcase> <!-- testNewActivity_sendWA_validPhone_validMsg -->
  <testcase classname="com.telemarket.task.test.TLMKT_TestTaskNew" name="test_clickTable_gotoActivity" time="0.0">
    <ignored/>
  </testcase> <!-- test_clickTable_gotoActivity -->
  <testcase classname="com.telemarket.task.test.TLMKT_TestTaskNew" name="test_newActivity_phoneSelect_phoneAddCancel" time="0.0">
    <ignored/>
  </testcase> <!-- test_newActivity_phoneSelect_phoneAddCancel -->
  <testcase classname="com.telemarket.task.test.TLMKT_TestTaskNew" name="test_new_search_valid" time="0.0">
    <ignored/>
  </testcase> <!-- test_new_search_valid -->
  <testcase classname="com.telemarket.task.test.TLMKT_TestTaskNew" name="testNewActivity_status_saveTolak_whatsapp" time="0.0">
    <ignored/>
  </testcase> <!-- testNewActivity_status_saveTolak_whatsapp -->
  <testcase classname="com.telemarket.task.test.TLMKT_TestTaskNew" name="test_new_search_empty_and_unusual" time="0.0">
    <ignored/>
  </testcase> <!-- test_new_search_empty_and_unusual -->
  <testcase classname="com.telemarket.task.test.TLMKT_TestTaskNew" name="testNewActivity_status_saveAgree" time="0.0">
    <ignored/>
  </testcase> <!-- testNewActivity_status_saveAgree -->
  <testcase classname="com.telemarket.task.test.TLMKT_TestTaskNew" name="test_newActivity_phoneSelect_phoneAdd_invalidChar" time="0.0">
    <ignored/>
  </testcase> <!-- test_newActivity_phoneSelect_phoneAdd_invalidChar -->
  <testcase classname="com.telemarket.task.test.TLMKT_TestTaskNew" name="testNewActivity_status_saveTolak" time="0.0">
    <ignored/>
  </testcase> <!-- testNewActivity_status_saveTolak -->
  <testcase classname="com.telemarket.task.test.TLMKT_TestTaskNew" name="testNewActivity_status_valid" time="0.0">
    <ignored/>
  </testcase> <!-- testNewActivity_status_valid -->
  <testcase classname="com.telemarket.task.test.TLMKT_TestTaskNew" name="testNewActivity_statusWA_resultBerhasil_reasonBerhasil" time="0.0">
    <ignored/>
  </testcase> <!-- testNewActivity_statusWA_resultBerhasil_reasonBerhasil -->
  <testcase classname="com.telemarket.task.test.TLMKT_TestTaskNew" name="test_newActivity_phoneSelect_phoneAdd_invalid" time="0.0">
    <ignored/>
  </testcase> <!-- test_newActivity_phoneSelect_phoneAdd_invalid -->
  <testcase classname="com.telemarket.task.test.TLMKT_TestTaskNew" name="test_new_export_data" time="0.0">
    <ignored/>
  </testcase> <!-- test_new_export_data -->
  <testcase classname="com.telemarket.task.test.TLMKT_TestTaskNew" name="testNewActivity_status_saveFollowUp" time="0.0">
    <ignored/>
  </testcase> <!-- testNewActivity_status_saveFollowUp -->
</testsuite> <!-- Default test -->
