<?xml version="1.0" encoding="UTF-8"?>
<testng-results ignored="13" total="15" passed="2" failed="0" skipped="0">
  <reporter-output>
  </reporter-output>
  <suite started-at="2022-07-11T10:49:06 ICT" name="Default suite" finished-at="2022-07-11T10:49:49 ICT" duration-ms="42773">
    <groups>
    </groups>
    <test started-at="2022-07-11T10:49:06 ICT" name="Default test" finished-at="2022-07-11T10:49:49 ICT" duration-ms="42773">
      <class name="com.telemarket.task.test.TLMKT_TestTaskFollowUp">
        <test-method is-config="true" signature="init()[pri:0, instance:com.telemarket.task.test.TLMKT_TestTaskFollowUp@117159c0]" started-at="2022-07-11T10:49:07 ICT" name="init" finished-at="2022-07-11T10:49:12 ICT" duration-ms="5244" status="PASS">
          <reporter-output>
          </reporter-output>
        </test-method> <!-- init -->
        <test-method is-config="true" signature="cekSession()[pri:0, instance:com.telemarket.task.test.TLMKT_TestTaskFollowUp@117159c0]" started-at="2022-07-11T10:49:12 ICT" name="cekSession" finished-at="2022-07-11T10:49:12 ICT" duration-ms="533" status="PASS">
          <reporter-output>
          </reporter-output>
        </test-method> <!-- cekSession -->
        <test-method signature="test_newActivity_phoneSelect_phoneAdd_invalid(java.lang.String)[pri:7, instance:com.telemarket.task.test.TLMKT_TestTaskFollowUp@117159c0]" started-at="2022-07-11T10:49:12 ICT" name="test_newActivity_phoneSelect_phoneAdd_invalid" data-provider="phoneData" finished-at="2022-07-11T10:49:31 ICT" duration-ms="18259" status="PASS">
          <params>
            <param index="0">
              <value>
                <![CDATA[0821]]>
              </value>
            </param>
          </params>
          <reporter-output>
          </reporter-output>
        </test-method> <!-- test_newActivity_phoneSelect_phoneAdd_invalid -->
        <test-method is-config="true" signature="cekSession()[pri:0, instance:com.telemarket.task.test.TLMKT_TestTaskFollowUp@117159c0]" started-at="2022-07-11T10:49:31 ICT" name="cekSession" finished-at="2022-07-11T10:49:31 ICT" duration-ms="516" status="PASS">
          <reporter-output>
          </reporter-output>
        </test-method> <!-- cekSession -->
        <test-method signature="test_newActivity_phoneSelect_phoneAdd_invalid(java.lang.String)[pri:7, instance:com.telemarket.task.test.TLMKT_TestTaskFollowUp@117159c0]" started-at="2022-07-11T10:49:31 ICT" name="test_newActivity_phoneSelect_phoneAdd_invalid" data-provider="phoneData" finished-at="2022-07-11T10:49:49 ICT" duration-ms="17827" status="PASS">
          <params>
            <param index="0">
              <value>
                <![CDATA[0821123456789011]]>
              </value>
            </param>
          </params>
          <reporter-output>
          </reporter-output>
        </test-method> <!-- test_newActivity_phoneSelect_phoneAdd_invalid -->
        <test-method is-config="true" signature="close()[pri:0, instance:com.telemarket.task.test.TLMKT_TestTaskFollowUp@117159c0]" started-at="2022-07-11T10:49:49 ICT" name="close" finished-at="2022-07-11T10:49:49 ICT" duration-ms="201" status="PASS">
          <reporter-output>
          </reporter-output>
        </test-method> <!-- close -->
      </class> <!-- com.telemarket.task.test.TLMKT_TestTaskFollowUp -->
    </test> <!-- Default test -->
  </suite> <!-- Default suite -->
</testng-results>
