<?xml version="1.0" encoding="UTF-8"?>
<testng-results ignored="0" total="4" passed="4" failed="0" skipped="0">
  <reporter-output>
  </reporter-output>
  <suite started-at="2022-07-12T15:38:31 ICT" name="Default suite" finished-at="2022-07-12T15:40:02 ICT" duration-ms="91016">
    <groups>
    </groups>
    <test started-at="2022-07-12T15:38:31 ICT" name="Default test" finished-at="2022-07-12T15:40:02 ICT" duration-ms="91016">
      <class name="com.telemarket.task.test.agn.AGN_TestTaskFinal">
        <test-method is-config="true" signature="cekSession()[pri:0, instance:com.telemarket.task.test.agn.AGN_TestTaskFinal@5677323c]" started-at="2022-07-12T15:38:31 ICT" name="cekSession" finished-at="2022-07-12T15:38:38 ICT" duration-ms="6946" status="PASS">
          <reporter-output>
          </reporter-output>
        </test-method> <!-- cekSession -->
        <test-method signature="testAGNFinal_goToFinalPage()[pri:1, instance:com.telemarket.task.test.agn.AGN_TestTaskFinal@5677323c]" started-at="2022-07-12T15:38:38 ICT" name="testAGNFinal_goToFinalPage" finished-at="2022-07-12T15:38:47 ICT" duration-ms="8731" status="PASS">
          <reporter-output>
          </reporter-output>
        </test-method> <!-- testAGNFinal_goToFinalPage -->
        <test-method is-config="true" signature="close()[pri:0, instance:com.telemarket.task.test.agn.AGN_TestTaskFinal@5677323c]" started-at="2022-07-12T15:38:47 ICT" name="close" finished-at="2022-07-12T15:38:47 ICT" duration-ms="667" status="PASS">
          <reporter-output>
          </reporter-output>
        </test-method> <!-- close -->
        <test-method is-config="true" signature="cekSession()[pri:0, instance:com.telemarket.task.test.agn.AGN_TestTaskFinal@5677323c]" started-at="2022-07-12T15:38:47 ICT" name="cekSession" finished-at="2022-07-12T15:38:53 ICT" duration-ms="5692" status="PASS">
          <reporter-output>
          </reporter-output>
        </test-method> <!-- cekSession -->
        <test-method signature="testAGNFinal_validSearch(java.lang.String,java.lang.String)[pri:2, instance:com.telemarket.task.test.agn.AGN_TestTaskFinal@5677323c]" started-at="2022-07-12T15:38:53 ICT" name="testAGNFinal_validSearch" data-provider="validData" finished-at="2022-07-12T15:39:09 ICT" duration-ms="15992" status="PASS">
          <params>
            <param index="0">
              <value>
                <![CDATA[Two d coffee roastery]]>
              </value>
            </param>
            <param index="1">
              <value>
                <![CDATA[https://tokko.io/twodcoffeeroastery]]>
              </value>
            </param>
          </params>
          <reporter-output>
          </reporter-output>
        </test-method> <!-- testAGNFinal_validSearch -->
        <test-method is-config="true" signature="close()[pri:0, instance:com.telemarket.task.test.agn.AGN_TestTaskFinal@5677323c]" started-at="2022-07-12T15:39:09 ICT" name="close" finished-at="2022-07-12T15:39:13 ICT" duration-ms="4248" status="PASS">
          <reporter-output>
          </reporter-output>
        </test-method> <!-- close -->
        <test-method is-config="true" signature="cekSession()[pri:0, instance:com.telemarket.task.test.agn.AGN_TestTaskFinal@5677323c]" started-at="2022-07-12T15:39:13 ICT" name="cekSession" finished-at="2022-07-12T15:39:17 ICT" duration-ms="4005" status="PASS">
          <reporter-output>
          </reporter-output>
        </test-method> <!-- cekSession -->
        <test-method signature="testAGNFinal_validSearch_btnGreen(java.lang.String,java.lang.String)[pri:3, instance:com.telemarket.task.test.agn.AGN_TestTaskFinal@5677323c]" started-at="2022-07-12T15:39:17 ICT" name="testAGNFinal_validSearch_btnGreen" data-provider="validData" finished-at="2022-07-12T15:39:32 ICT" duration-ms="14865" status="PASS">
          <params>
            <param index="0">
              <value>
                <![CDATA[Two d coffee roastery]]>
              </value>
            </param>
            <param index="1">
              <value>
                <![CDATA[https://tokko.io/twodcoffeeroastery]]>
              </value>
            </param>
          </params>
          <reporter-output>
          </reporter-output>
        </test-method> <!-- testAGNFinal_validSearch_btnGreen -->
        <test-method is-config="true" signature="close()[pri:0, instance:com.telemarket.task.test.agn.AGN_TestTaskFinal@5677323c]" started-at="2022-07-12T15:39:32 ICT" name="close" finished-at="2022-07-12T15:39:32 ICT" duration-ms="164" status="PASS">
          <reporter-output>
          </reporter-output>
        </test-method> <!-- close -->
        <test-method is-config="true" signature="cekSession()[pri:0, instance:com.telemarket.task.test.agn.AGN_TestTaskFinal@5677323c]" started-at="2022-07-12T15:39:32 ICT" name="cekSession" finished-at="2022-07-12T15:39:36 ICT" duration-ms="3236" status="PASS">
          <reporter-output>
          </reporter-output>
        </test-method> <!-- cekSession -->
        <test-method signature="testSPVFinal_clickTableToActivity()[pri:4, instance:com.telemarket.task.test.agn.AGN_TestTaskFinal@5677323c]" started-at="2022-07-12T15:39:36 ICT" name="testSPVFinal_clickTableToActivity" finished-at="2022-07-12T15:40:01 ICT" duration-ms="25843" status="PASS">
          <reporter-output>
          </reporter-output>
        </test-method> <!-- testSPVFinal_clickTableToActivity -->
        <test-method is-config="true" signature="close()[pri:0, instance:com.telemarket.task.test.agn.AGN_TestTaskFinal@5677323c]" started-at="2022-07-12T15:40:01 ICT" name="close" finished-at="2022-07-12T15:40:02 ICT" duration-ms="435" status="PASS">
          <reporter-output>
          </reporter-output>
        </test-method> <!-- close -->
      </class> <!-- com.telemarket.task.test.agn.AGN_TestTaskFinal -->
    </test> <!-- Default test -->
  </suite> <!-- Default suite -->
</testng-results>
